<?xml version="1.0" encoding="UTF-8"?>
<testsuite xmlns:xsi="http://www.w3.org/2001/XMLSchema-instance" xsi:noNamespaceSchemaLocation="https://maven.apache.org/surefire/maven-surefire-plugin/xsd/surefire-test-report.xsd" name="com.fty.AppTest" time="25.145" tests="3" errors="0" skipped="0" failures="0">
  <properties>
[...]
</properties>
  <testcase name="testRedis" classname="com.fty.AppTest" time="0.711"/>
  <testcase name="abc" classname="com.fty.AppTest" time="11.881"/>
  <testcase name="test" classname="com.fty.AppTest" time="0.009"/>
</testsuite>